<?xml version="1.0" encoding="UTF-8"?>
<testsuite name="Academy Choucair" tests="1" skipped="1" failures="0" errors="0" timestamp="2021-04-01T08:53:54" hostname="DESKTOP-R78CDFJ" time="0.151">
  <properties/>
  <testcase name="search for a automation course" classname="Academy Choucair" time="0.151">
    <skipped/>
  </testcase>
  <system-out><![CDATA[]]></system-out>
  <system-err><![CDATA[[Test worker] WARN net.thucydides.core.steps.BaseStepListener - stepStarted: net.thucydides.core.steps.ExecutedStepDescription@32546a34
[Test worker] INFO net.thucydides.core.steps.ConsoleLoggingListener - TEST PENDING
[Test worker] WARN net.thucydides.core.steps.BaseStepListener - stepStarted: net.thucydides.core.steps.ExecutedStepDescription@77571dc0
[Test worker] WARN net.thucydides.core.steps.BaseStepListener - stepStarted: net.thucydides.core.steps.ExecutedStepDescription@1d4e79ec
[Test worker] WARN net.thucydides.core.steps.BaseStepListener - testFinished: search for a automation course:Example: {strUser=rpenaa, strPassword=Febrero.2020, strCourse=Metodologia Bancolombia} [Given than Fernando wants to learn automation at the academy Choucair
| strUser | strPassword |
| rpenaa | Febrero.2020 |, When he search for the course on the choucair academy platform
| strCourse |
| Metodologia Bancolombia |, Then he find the course called
| strCourse |
| Metodologia Bancolombia |]
[Test worker] WARN net.thucydides.core.steps.BaseStepListener - TestOutcomes: [search for a automation course:Example: {strUser=rpenaa, strPassword=Febrero.2020, strCourse=Metodologia Bancolombia} [Given than Fernando wants to learn automation at the academy Choucair
| strUser | strPassword |
| rpenaa | Febrero.2020 |, When he search for the course on the choucair academy platform
| strCourse |
| Metodologia Bancolombia |, Then he find the course called
| strCourse |
| Metodologia Bancolombia |]]
[Test worker] WARN net.thucydides.core.steps.BaseStepListener - Final testOutcomes: [search for a automation course:Example: {strUser=rpenaa, strPassword=Febrero.2020, strCourse=Metodologia Bancolombia} [Given than Fernando wants to learn automation at the academy Choucair
| strUser | strPassword |
| rpenaa | Febrero.2020 |, When he search for the course on the choucair academy platform
| strCourse |
| Metodologia Bancolombia |, Then he find the course called
| strCourse |
| Metodologia Bancolombia |]]
[Test worker] INFO net.thucydides.core.steps.ConsoleLoggingListener - 
          __  _____ _____ ____ _____   ____  _____ _   _ ____ ___ _   _  ____ 
 _       / / |_   _| ____/ ___|_   _| |  _ \| ____| \ | |  _ \_ _| \ | |/ ___|
(_)____ / /    | | |  _| \___ \ | |   | |_) |  _| |  \| | | | | ||  \| | |  _ 
 |_____/ /     | | | |___ ___) || |   |  __/| |___| |\  | |_| | || |\  | |_| |
(_)   /_/      |_| |_____|____/ |_|   |_|   |_____|_| \_|____/___|_| \_|\____|
                                                                                

TEST PENDING: search for a automation course
---------------------------------------------------------------------------------
]]></system-err>
</testsuite>
